<?xml version="1.0" encoding="UTF-8"?>
<!-- Generated by org.testng.reporters.JUnitReportReporter -->
<testsuite hostname="LAPTOP-LTJ2M0O0" failures="0" tests="3" name="TestScripts.TestNG" time="55.186" errors="0" timestamp="2023-10-17T23:26:09 IST" skipped="0">
  <testcase classname="TestScripts.TestNG" name="AmazonPrice" time="12.418"/>
  <system-out/>
  <testcase classname="TestScripts.TestNG" name="MyTrip" time="30.491"/>
  <system-out/>
  <testcase classname="TestScripts.TestNG" name="GoogleSearch" time="12.277"/>
  <system-out/>
</testsuite> <!-- TestScripts.TestNG -->
