<?xml version="1.0" encoding="UTF-8"?>
<!-- Generated by org.testng.reporters.JUnitReportReporter -->
<testsuite hostname="LAPTOP-LTJ2M0O0" failures="0" tests="3" name="TestScripts.Maven_Program" time="61.413" errors="0" timestamp="17 Oct 2023 17:58:26 GMT">
  <testcase classname="TestScripts.Maven_Program" name="MyTrip" time="39.927"/>
  <testcase classname="TestScripts.Maven_Program" name="GoogleSearch" time="11.066"/>
  <testcase classname="TestScripts.Maven_Program" name="AmazonPrice" time="10.420"/>
</testsuite> <!-- TestScripts.Maven_Program -->
