<?xml version="1.0" encoding="UTF-8"?>
<!-- Generated by org.testng.reporters.JUnitReportReporter -->
<testsuite hostname="LAPTOP-LTJ2M0O0" failures="0" tests="1" name="TestScripts.Calculator1" time="11.290" errors="0" timestamp="2023-11-01T22:35:09 IST" skipped="0">
  <testcase classname="TestScripts.Calculator1" name="AppiumTest" time="11.290"/>
  <system-out/>
</testsuite> <!-- TestScripts.Calculator1 -->
