<?xml version="1.0" encoding="UTF-8"?>
<!-- Generated by org.testng.reporters.JUnitReportReporter -->
<testsuite hostname="Deepan" failures="0" tests="1" name="TestScripts.demo1" time="13.777" errors="0" timestamp="2023-11-01T00:00:59 IST" skipped="0">
  <testcase classname="TestScripts.demo1" name="AppiumApplcation" time="13.777"/>
  <system-out/>
</testsuite> <!-- TestScripts.demo1 -->
