<?xml version="1.0" encoding="UTF-8"?>
<!-- Generated by org.testng.reporters.JUnitReportReporter -->
<testsuite hostname="Deepan" failures="0" tests="1" name="TestScripts.Appium" time="28.043" errors="0" timestamp="2023-10-31T23:56:08 IST" skipped="0">
  <testcase classname="TestScripts.Appium" name="AppiumTest" time="28.043"/>
  <system-out/>
</testsuite> <!-- TestScripts.Appium -->
