<?xml version="1.0" encoding="UTF-8"?>
<!-- Generated by org.testng.reporters.JUnitReportReporter -->
<testsuite hostname="LAPTOP-LTJ2M0O0" failures="0" tests="1" name="TestScripts.Calculator2" time="7.283" errors="0" timestamp="2023-11-01T22:35:09 IST" skipped="0">
  <testcase classname="TestScripts.Calculator2" name="AppiumApplcation" time="7.283"/>
  <system-out/>
</testsuite> <!-- TestScripts.Calculator2 -->
