<?xml version="1.0" encoding="UTF-8"?>
<!-- Generated by org.testng.reporters.JUnitReportReporter -->
<testsuite hostname="Deepan" failures="0" tests="3" name="TestScript.SwagLogout_01" time="16.751" errors="0" timestamp="2023-10-30T11:45:38 IST" skipped="0">
  <testcase classname="TestScript.SwagLogout_01" name="login" time="4.553"/>
  <system-out/>
  <testcase classname="TestScript.SwagLogout_01" name="cart" time="10.076"/>
  <system-out/>
  <testcase classname="TestScript.SwagLogout_01" name="logout" time="2.122"/>
  <system-out/>
</testsuite> <!-- TestScript.SwagLogout_01 -->
