<?xml version="1.0" encoding="UTF-8"?>
<!-- Generated by org.testng.reporters.JUnitReportReporter -->
<testsuite hostname="Deepan" failures="0" tests="3" name="TestScript.SwagLogout_02" time="16.926" errors="0" timestamp="2023-10-30T11:12:00 IST" skipped="0">
  <testcase classname="TestScript.SwagLogout_02" name="login" time="4.647"/>
  <system-out/>
  <testcase classname="TestScript.SwagLogout_02" name="cart" time="10.152"/>
  <system-out/>
  <testcase classname="TestScript.SwagLogout_02" name="logout" time="2.127"/>
  <system-out/>
</testsuite> <!-- TestScript.SwagLogout_02 -->
