<?xml version="1.0" encoding="UTF-8"?>
<!-- Generated by org.testng.reporters.JUnitReportReporter -->
<testsuite hostname="Deepan" failures="0" tests="1" name="TestScript.SwagLogin_01" time="13.486" errors="0" timestamp="2023-10-30T10:45:23 IST" skipped="0">
  <testcase classname="TestScript.SwagLogin_01" name="login" time="13.486"/>
  <system-out/>
</testsuite> <!-- TestScript.SwagLogin_01 -->
