<?xml version="1.0" encoding="UTF-8"?>
<!-- Generated by org.testng.reporters.JUnitReportReporter -->
<testsuite skipped="0" hostname="LAPTOP-LTJ2M0O0" name="TestScripts.Calculator2" tests="1" failures="0" timestamp="2023-11-01T22:44:45 IST" time="7.085" errors="0">
  <testcase name="AppiumApplcation" time="7.085" classname="TestScripts.Calculator2"/>
  <system-out/>
</testsuite> <!-- TestScripts.Calculator2 -->
